<?xml version="1.0" encoding="UTF-8"?>
<!-- Generated by org.testng.reporters.JUnitXMLReporter -->
<testsuite hostname="IN-IT1113" ignored="2" name="SmokeTests" tests="3" failures="1" timestamp="20 Apr 2019 14:42:14 GMT" time="22.07" errors="0">
  <testcase name="printtextInSignPage" time="0.008" classname="com.qa.AmazonTestCases.AmazonHomePageAfterSignInTest"/>
  <testcase name="printText" time="0.002" classname="com.qa.AmazonTestCases.ProductTest"/>
  <testcase name="validateContentOnHomePage" time="0.198" classname="com.qa.AmazonTestCases.AmazonHomePageAfterSignInTest">
    <failure type="java.lang.AssertionError" message="expected [Hello] but found [Hello, Sign in]">
      <![CDATA[java.lang.AssertionError: expected [Hello] but found [Hello, Sign in]
at com.qa.AmazonTestCases.AmazonHomePageAfterSignInTest.validateContentOnHomePage(AmazonHomePageAfterSignInTest.java:47)
... Removed 31 stack frames]]>
    </failure>
  </testcase> <!-- validateContentOnHomePage -->
  <testcase name="clickOnShopByCategoryOption" time="0.0" classname="com.qa.AmazonTestCases.AmazonHomePageAfterSignInTest">
    <ignored/>
  </testcase> <!-- clickOnShopByCategoryOption -->
  <testcase name="clickOnGivenTextOnSearchBox" time="0.0" classname="com.qa.AmazonTestCases.ProductTest">
    <ignored/>
  </testcase> <!-- clickOnGivenTextOnSearchBox -->
</testsuite> <!-- SmokeTests -->
