<?xml version="1.0" encoding="UTF-8"?>
<!-- Generated by org.testng.reporters.JUnitXMLReporter -->
<testsuite hostname="IN-IT1113" name="SmokeTests" tests="3" failures="1" timestamp="20 Apr 2019 14:17:53 GMT" time="22.162" errors="0">
  <testcase name="printtextInSignPage" time="0.001" classname="com.qa.AmazonTestCases.AmazonHomePageAfterSignInTest"/>
  <testcase name="validateContentOnHomePage" time="0.165" classname="com.qa.AmazonTestCases.AmazonHomePageAfterSignInTest">
    <failure type="java.lang.AssertionError" message="expected [Hello] but found [Hello, Sign in]">
      <![CDATA[java.lang.AssertionError: expected [Hello] but found [Hello, Sign in]
	at com.qa.AmazonTestCases.AmazonHomePageAfterSignInTest.validateContentOnHomePage(AmazonHomePageAfterSignInTest.java:47)
	at org.apache.maven.surefire.testng.TestNGExecutor.run(TestNGExecutor.java:283)
	at org.apache.maven.surefire.testng.TestNGXmlTestSuite.execute(TestNGXmlTestSuite.java:75)
	at org.apache.maven.surefire.testng.TestNGProvider.invoke(TestNGProvider.java:120)
	at org.apache.maven.surefire.booter.ForkedBooter.invokeProviderInSameClassLoader(ForkedBooter.java:386)
	at org.apache.maven.surefire.booter.ForkedBooter.runSuitesInProcess(ForkedBooter.java:323)
	at org.apache.maven.surefire.booter.ForkedBooter.main(ForkedBooter.java:143)
... Removed 26 stack frames]]>
    </failure>
  </testcase> <!-- validateContentOnHomePage -->
  <testcase name="printText" time="0.0" classname="com.qa.AmazonTestCases.ProductTest"/>
</testsuite> <!-- SmokeTests -->
